{"contracts/libs/MockERC20.sol":{"l":{"15":6,"19":0,"23":0,"31":0,"39":0},"path":"/home/sakuboyz/BBT_Internship/Lucky-farm/contracts/libs/MockERC20.sol","s":{"1":6,"2":0,"3":0,"4":0,"5":0},"b":{},"f":{"1":6,"2":0,"3":0,"4":0,"5":0},"fnMap":{"1":{"name":"constructor","line":14,"loc":{"start":{"line":9,"column":4},"end":{"line":16,"column":4}}},"2":{"name":"mint","line":18,"loc":{"start":{"line":18,"column":4},"end":{"line":20,"column":4}}},"3":{"name":"burn","line":22,"loc":{"start":{"line":22,"column":4},"end":{"line":24,"column":4}}},"4":{"name":"transferInternal","line":26,"loc":{"start":{"line":26,"column":4},"end":{"line":32,"column":4}}},"5":{"name":"approveInternal","line":34,"loc":{"start":{"line":34,"column":4},"end":{"line":40,"column":4}}}},"statementMap":{"1":{"start":{"line":15,"column":8},"end":{"line":15,"column":44}},"2":{"start":{"line":19,"column":8},"end":{"line":19,"column":29}},"3":{"start":{"line":23,"column":8},"end":{"line":23,"column":29}},"4":{"start":{"line":31,"column":8},"end":{"line":31,"column":33}},"5":{"start":{"line":39,"column":8},"end":{"line":39,"column":38}}},"branchMap":{}},"contracts/LuckyToken.sol":{"l":{"24":9,"25":9,"26":9,"29":9,"31":9,"33":9,"35":9,"42":27,"46":0,"54":27,"55":27},"path":"/home/sakuboyz/BBT_Internship/Lucky-farm/contracts/LuckyToken.sol","s":{"1":9,"2":9,"3":9,"4":9,"5":9,"6":9,"7":9,"8":27,"9":0,"10":27,"11":27},"b":{"1":[27,0]},"f":{"1":9,"2":27,"3":0,"4":27},"fnMap":{"1":{"name":"constructor","line":22,"loc":{"start":{"line":22,"column":4},"end":{"line":36,"column":4}}},"2":{"name":"cap","line":41,"loc":{"start":{"line":41,"column":4},"end":{"line":43,"column":4}}},"3":{"name":"mint","line":45,"loc":{"start":{"line":45,"column":4},"end":{"line":47,"column":4}}},"4":{"name":"_mint","line":53,"loc":{"start":{"line":53,"column":4},"end":{"line":56,"column":4}}}},"statementMap":{"1":{"start":{"line":24,"column":8},"end":{"line":24,"column":21}},"2":{"start":{"line":25,"column":8},"end":{"line":25,"column":27}},"3":{"start":{"line":26,"column":8},"end":{"line":26,"column":29}},"4":{"start":{"line":29,"column":8},"end":{"line":29,"column":32}},"5":{"start":{"line":31,"column":8},"end":{"line":31,"column":33}},"6":{"start":{"line":33,"column":8},"end":{"line":33,"column":34}},"7":{"start":{"line":35,"column":8},"end":{"line":35,"column":32}},"8":{"start":{"line":42,"column":8},"end":{"line":42,"column":18}},"9":{"start":{"line":46,"column":8},"end":{"line":46,"column":26}},"10":{"start":{"line":54,"column":8},"end":{"line":54,"column":83}},"11":{"start":{"line":55,"column":8},"end":{"line":55,"column":32}}},"branchMap":{"1":{"line":54,"type":"if","locations":[{"start":{"line":54,"column":8},"end":{"line":54,"column":8}},{"start":{"line":54,"column":8},"end":{"line":54,"column":8}}]}}},"contracts/Masterchef.sol":{"l":{"106":3,"107":3,"108":3,"109":3,"110":3,"111":3,"112":3,"113":3,"117":0,"124":6,"125":6,"126":6,"127":6,"128":6,"130":6,"131":6,"132":6,"141":6,"146":0,"147":0,"148":0,"149":0,"150":0,"152":0,"153":0,"154":0,"155":0,"156":0,"157":0,"162":0,"167":0,"168":0,"169":0,"170":0,"171":0,"172":0,"173":0,"174":0,"176":0,"177":0,"183":0,"184":0,"189":6,"190":6,"191":3,"196":0,"201":0,"202":0,"203":0,"204":0,"205":0,"206":0,"207":0,"208":0,"213":3,"214":3,"215":0,"217":3,"218":3,"219":3,"220":3,"222":0,"223":0,"226":0,"229":0,"230":0,"232":0,"233":0,"234":0,"235":0,"237":0,"241":0,"243":0,"250":0,"251":0,"252":0,"254":0,"257":0,"259":0,"260":0,"263":0,"269":0,"270":0,"272":0,"273":0,"276":0,"281":0,"282":0,"287":0,"288":0,"289":0,"291":0,"292":0,"294":0,"295":0,"296":0,"297":0,"299":0,"300":0,"301":0,"302":0,"304":0,"307":0,"308":0,"313":0,"314":0,"315":0,"316":0,"317":0,"318":0,"319":0,"320":0,"322":0,"323":0,"328":0,"329":0,"330":0,"331":0,"332":0,"333":0,"334":0,"335":0,"340":0,"341":0,"343":0,"344":0,"345":0,"346":0,"349":0,"350":0,"353":0,"354":0,"357":0,"358":0,"359":0,"365":0,"370":0,"371":0,"375":0,"376":0,"381":0,"382":0,"384":0,"385":0,"386":0,"390":0,"394":0,"399":0,"400":0,"403":0,"408":0,"409":0,"412":0},"path":"/home/sakuboyz/BBT_Internship/Lucky-farm/contracts/Masterchef.sol","s":{"1":3,"2":3,"3":3,"4":3,"5":3,"6":3,"7":3,"8":3,"9":0,"10":6,"11":6,"12":6,"13":6,"14":6,"15":6,"16":6,"17":6,"18":6,"19":0,"20":0,"21":0,"22":0,"23":0,"24":0,"25":0,"26":0,"27":0,"28":0,"29":0,"30":0,"31":0,"32":0,"33":0,"34":0,"35":0,"36":0,"37":0,"38":0,"39":0,"40":0,"41":0,"42":0,"43":6,"44":6,"45":3,"46":0,"47":0,"48":0,"49":0,"50":0,"51":0,"52":0,"53":0,"54":0,"55":3,"56":3,"57":0,"58":3,"59":3,"60":3,"61":3,"62":0,"63":0,"64":0,"65":0,"66":0,"67":0,"68":0,"69":0,"70":0,"71":0,"72":0,"73":0,"74":0,"75":0,"76":0,"77":0,"78":0,"79":0,"80":0,"81":0,"82":0,"83":0,"84":0,"85":0,"86":0,"87":0,"88":0,"89":0,"90":0,"91":0,"92":0,"93":0,"94":0,"95":0,"96":0,"97":0,"98":0,"99":0,"100":0,"101":0,"102":0,"103":0,"104":0,"105":0,"106":0,"107":0,"108":0,"109":0,"110":0,"111":0,"112":0,"113":0,"114":0,"115":0,"116":0,"117":0,"118":0,"119":0,"120":0,"121":0,"122":0,"123":0,"124":0,"125":0,"126":0,"127":0,"128":0,"129":0,"130":0,"131":0,"132":0,"133":0,"134":0,"135":0,"136":0,"137":0,"138":0,"139":0,"140":0,"141":0,"142":0,"143":0,"144":0,"145":0,"146":0,"147":0,"148":0,"149":0,"150":0,"151":0,"152":0,"153":0,"154":0},"b":{"1":[6,0],"2":[6,0],"3":[0,0],"4":[0,0],"5":[0,0],"6":[0,0],"7":[0,0],"8":[0,3],"9":[3,0],"10":[0,0],"11":[0,0],"12":[0,0],"13":[0,0],"14":[0,0],"15":[0,0],"16":[0,0],"17":[0,0],"18":[0,0],"19":[0,0],"20":[0,0],"21":[0,0],"22":[0,0],"23":[0,0],"24":[0,0],"25":[0,0],"26":[0,0],"27":[0,0],"28":[0,0],"29":[0,0]},"f":{"1":3,"2":0,"3":6,"4":0,"5":0,"6":0,"7":0,"8":6,"9":0,"10":0,"11":3,"12":0,"13":0,"14":0,"15":0,"16":0,"17":0,"18":0,"19":0,"20":0,"21":0,"22":0,"23":0},"fnMap":{"1":{"name":"constructor","line":97,"loc":{"start":{"line":97,"column":4},"end":{"line":114,"column":4}}},"2":{"name":"poolLength","line":116,"loc":{"start":{"line":116,"column":4},"end":{"line":118,"column":4}}},"3":{"name":"add","line":123,"loc":{"start":{"line":123,"column":4},"end":{"line":142,"column":4}}},"4":{"name":"set","line":145,"loc":{"start":{"line":145,"column":4},"end":{"line":158,"column":4}}},"5":{"name":"getMultiplier","line":161,"loc":{"start":{"line":161,"column":4},"end":{"line":163,"column":4}}},"6":{"name":"pendingLucky","line":166,"loc":{"start":{"line":166,"column":4},"end":{"line":178,"column":4}}},"7":{"name":"canHarvest","line":181,"loc":{"start":{"line":181,"column":4},"end":{"line":185,"column":4}}},"8":{"name":"massUpdatePools","line":188,"loc":{"start":{"line":188,"column":4},"end":{"line":193,"column":4}}},"9":{"name":"setMigrator","line":195,"loc":{"start":{"line":195,"column":4},"end":{"line":197,"column":4}}},"10":{"name":"migrate","line":200,"loc":{"start":{"line":200,"column":4},"end":{"line":209,"column":4}}},"11":{"name":"updatePool","line":212,"loc":{"start":{"line":212,"column":4},"end":{"line":283,"column":4}}},"12":{"name":"deposit","line":286,"loc":{"start":{"line":286,"column":4},"end":{"line":309,"column":4}}},"13":{"name":"withdraw","line":312,"loc":{"start":{"line":312,"column":4},"end":{"line":324,"column":4}}},"14":{"name":"emergencyWithdraw","line":327,"loc":{"start":{"line":327,"column":4},"end":{"line":336,"column":4}}},"15":{"name":"payOrLockupPendingLucky","line":339,"loc":{"start":{"line":339,"column":4},"end":{"line":361,"column":4}}},"16":{"name":"safeLuckyTransfer","line":364,"loc":{"start":{"line":364,"column":4},"end":{"line":366,"column":4}}},"17":{"name":"setDevAddress","line":369,"loc":{"start":{"line":369,"column":4},"end":{"line":372,"column":4}}},"18":{"name":"setFeeAddress","line":374,"loc":{"start":{"line":374,"column":4},"end":{"line":377,"column":4}}},"19":{"name":"updateLuckyPerBlock","line":380,"loc":{"start":{"line":380,"column":4},"end":{"line":388,"column":4}}},"20":{"name":"getBlockNumber","line":389,"loc":{"start":{"line":389,"column":4},"end":{"line":391,"column":4}}},"21":{"name":"getBlockTimestamp","line":393,"loc":{"start":{"line":393,"column":4},"end":{"line":395,"column":4}}},"22":{"name":"harvestCountdown","line":398,"loc":{"start":{"line":398,"column":4},"end":{"line":405,"column":4}}},"23":{"name":"farmStartCountdown","line":407,"loc":{"start":{"line":407,"column":4},"end":{"line":414,"column":4}}}},"statementMap":{"1":{"start":{"line":106,"column":8},"end":{"line":106,"column":21}},"2":{"start":{"line":107,"column":8},"end":{"line":107,"column":21}},"3":{"start":{"line":108,"column":8},"end":{"line":108,"column":31}},"4":{"start":{"line":109,"column":8},"end":{"line":109,"column":37}},"5":{"start":{"line":110,"column":8},"end":{"line":110,"column":31}},"6":{"start":{"line":111,"column":8},"end":{"line":111,"column":31}},"7":{"start":{"line":112,"column":8},"end":{"line":112,"column":28}},"8":{"start":{"line":113,"column":8},"end":{"line":113,"column":32}},"9":{"start":{"line":117,"column":8},"end":{"line":117,"column":30}},"10":{"start":{"line":124,"column":8},"end":{"line":124,"column":79}},"11":{"start":{"line":125,"column":8},"end":{"line":125,"column":91}},"12":{"start":{"line":126,"column":8},"end":{"line":126,"column":95}},"13":{"start":{"line":127,"column":8},"end":{"line":127,"column":5905}},"14":{"start":{"line":128,"column":12},"end":{"line":128,"column":28}},"15":{"start":{"line":130,"column":8},"end":{"line":130,"column":87}},"16":{"start":{"line":131,"column":8},"end":{"line":131,"column":57}},"17":{"start":{"line":132,"column":8},"end":{"line":132,"column":6124}},"18":{"start":{"line":141,"column":8},"end":{"line":141,"column":108}},"19":{"start":{"line":146,"column":8},"end":{"line":146,"column":79}},"20":{"start":{"line":147,"column":8},"end":{"line":147,"column":91}},"21":{"start":{"line":148,"column":8},"end":{"line":148,"column":95}},"22":{"start":{"line":149,"column":8},"end":{"line":149,"column":7181}},"23":{"start":{"line":150,"column":12},"end":{"line":150,"column":28}},"24":{"start":{"line":152,"column":8},"end":{"line":152,"column":88}},"25":{"start":{"line":153,"column":8},"end":{"line":153,"column":46}},"26":{"start":{"line":154,"column":8},"end":{"line":154,"column":50}},"27":{"start":{"line":155,"column":8},"end":{"line":155,"column":64}},"28":{"start":{"line":156,"column":8},"end":{"line":156,"column":63}},"29":{"start":{"line":157,"column":8},"end":{"line":157,"column":102}},"30":{"start":{"line":162,"column":8},"end":{"line":162,"column":51}},"31":{"start":{"line":167,"column":8},"end":{"line":167,"column":46}},"32":{"start":{"line":168,"column":8},"end":{"line":168,"column":53}},"33":{"start":{"line":169,"column":8},"end":{"line":169,"column":56}},"34":{"start":{"line":170,"column":8},"end":{"line":170,"column":64}},"35":{"start":{"line":171,"column":8},"end":{"line":171,"column":8276}},"36":{"start":{"line":172,"column":12},"end":{"line":172,"column":82}},"37":{"start":{"line":173,"column":12},"end":{"line":173,"column":105}},"38":{"start":{"line":174,"column":12},"end":{"line":174,"column":87}},"39":{"start":{"line":176,"column":8},"end":{"line":176,"column":90}},"40":{"start":{"line":177,"column":8},"end":{"line":177,"column":47}},"41":{"start":{"line":183,"column":8},"end":{"line":183,"column":46}},"42":{"start":{"line":184,"column":8},"end":{"line":184,"column":55}},"43":{"start":{"line":189,"column":8},"end":{"line":189,"column":40}},"44":{"start":{"line":190,"column":8},"end":{"line":190,"column":9231}},"45":{"start":{"line":191,"column":12},"end":{"line":191,"column":26}},"46":{"start":{"line":196,"column":8},"end":{"line":196,"column":27}},"47":{"start":{"line":201,"column":8},"end":{"line":201,"column":71}},"48":{"start":{"line":202,"column":8},"end":{"line":202,"column":46}},"49":{"start":{"line":203,"column":8},"end":{"line":203,"column":37}},"50":{"start":{"line":204,"column":8},"end":{"line":204,"column":54}},"51":{"start":{"line":205,"column":8},"end":{"line":205,"column":50}},"52":{"start":{"line":206,"column":8},"end":{"line":206,"column":53}},"53":{"start":{"line":207,"column":8},"end":{"line":207,"column":74}},"54":{"start":{"line":208,"column":8},"end":{"line":208,"column":32}},"55":{"start":{"line":213,"column":8},"end":{"line":213,"column":46}},"56":{"start":{"line":214,"column":8},"end":{"line":214,"column":10270}},"57":{"start":{"line":215,"column":12},"end":{"line":215,"column":18}},"58":{"start":{"line":217,"column":8},"end":{"line":217,"column":64}},"59":{"start":{"line":218,"column":8},"end":{"line":218,"column":10418}},"60":{"start":{"line":219,"column":12},"end":{"line":219,"column":46}},"61":{"start":{"line":220,"column":12},"end":{"line":220,"column":18}},"62":{"start":{"line":222,"column":8},"end":{"line":222,"column":78}},"63":{"start":{"line":223,"column":8},"end":{"line":223,"column":101}},"64":{"start":{"line":226,"column":8},"end":{"line":226,"column":78}},"65":{"start":{"line":229,"column":8},"end":{"line":229,"column":11118}},"66":{"start":{"line":230,"column":12},"end":{"line":230,"column":74}},"67":{"start":{"line":232,"column":12},"end":{"line":232,"column":11343}},"68":{"start":{"line":233,"column":16},"end":{"line":233,"column":96}},"69":{"start":{"line":234,"column":16},"end":{"line":234,"column":63}},"70":{"start":{"line":235,"column":16},"end":{"line":235,"column":95}},"71":{"start":{"line":237,"column":16},"end":{"line":237,"column":78}},"72":{"start":{"line":241,"column":16},"end":{"line":241,"column":54}},"73":{"start":{"line":243,"column":16},"end":{"line":243,"column":85}},"74":{"start":{"line":250,"column":12},"end":{"line":250,"column":12348}},"75":{"start":{"line":251,"column":16},"end":{"line":251,"column":96}},"76":{"start":{"line":252,"column":16},"end":{"line":252,"column":63}},"77":{"start":{"line":254,"column":16},"end":{"line":254,"column":95}},"78":{"start":{"line":257,"column":16},"end":{"line":257,"column":90}},"79":{"start":{"line":259,"column":16},"end":{"line":259,"column":12947}},"80":{"start":{"line":260,"column":20},"end":{"line":260,"column":82}},"81":{"start":{"line":263,"column":20},"end":{"line":263,"column":57}},"82":{"start":{"line":269,"column":16},"end":{"line":269,"column":55}},"83":{"start":{"line":270,"column":16},"end":{"line":270,"column":87}},"84":{"start":{"line":272,"column":16},"end":{"line":272,"column":13454}},"85":{"start":{"line":273,"column":20},"end":{"line":273,"column":82}},"86":{"start":{"line":276,"column":20},"end":{"line":276,"column":57}},"87":{"start":{"line":281,"column":8},"end":{"line":281,"column":93}},"88":{"start":{"line":282,"column":8},"end":{"line":282,"column":42}},"89":{"start":{"line":287,"column":8},"end":{"line":287,"column":46}},"90":{"start":{"line":288,"column":8},"end":{"line":288,"column":58}},"91":{"start":{"line":289,"column":8},"end":{"line":289,"column":97}},"92":{"start":{"line":291,"column":8},"end":{"line":291,"column":14313}},"93":{"start":{"line":292,"column":12},"end":{"line":292,"column":107}},"94":{"start":{"line":294,"column":8},"end":{"line":294,"column":23}},"95":{"start":{"line":295,"column":8},"end":{"line":295,"column":36}},"96":{"start":{"line":296,"column":8},"end":{"line":296,"column":14558}},"97":{"start":{"line":297,"column":12},"end":{"line":297,"column":85}},"98":{"start":{"line":299,"column":12},"end":{"line":299,"column":14694}},"99":{"start":{"line":300,"column":16},"end":{"line":300,"column":78}},"100":{"start":{"line":301,"column":16},"end":{"line":301,"column":64}},"101":{"start":{"line":302,"column":16},"end":{"line":302,"column":69}},"102":{"start":{"line":304,"column":16},"end":{"line":304,"column":53}},"103":{"start":{"line":307,"column":8},"end":{"line":307,"column":73}},"104":{"start":{"line":308,"column":8},"end":{"line":308,"column":47}},"105":{"start":{"line":313,"column":8},"end":{"line":313,"column":46}},"106":{"start":{"line":314,"column":8},"end":{"line":314,"column":58}},"107":{"start":{"line":315,"column":8},"end":{"line":315,"column":60}},"108":{"start":{"line":316,"column":8},"end":{"line":316,"column":23}},"109":{"start":{"line":317,"column":8},"end":{"line":317,"column":36}},"110":{"start":{"line":318,"column":8},"end":{"line":318,"column":15533}},"111":{"start":{"line":319,"column":12},"end":{"line":319,"column":49}},"112":{"start":{"line":320,"column":12},"end":{"line":320,"column":66}},"113":{"start":{"line":322,"column":8},"end":{"line":322,"column":73}},"114":{"start":{"line":323,"column":8},"end":{"line":323,"column":48}},"115":{"start":{"line":328,"column":8},"end":{"line":328,"column":46}},"116":{"start":{"line":329,"column":8},"end":{"line":329,"column":58}},"117":{"start":{"line":330,"column":8},"end":{"line":330,"column":36}},"118":{"start":{"line":331,"column":8},"end":{"line":331,"column":22}},"119":{"start":{"line":332,"column":8},"end":{"line":332,"column":26}},"120":{"start":{"line":333,"column":8},"end":{"line":333,"column":30}},"121":{"start":{"line":334,"column":8},"end":{"line":334,"column":61}},"122":{"start":{"line":335,"column":8},"end":{"line":335,"column":56}},"123":{"start":{"line":340,"column":8},"end":{"line":340,"column":46}},"124":{"start":{"line":341,"column":8},"end":{"line":341,"column":58}},"125":{"start":{"line":343,"column":8},"end":{"line":343,"column":95}},"126":{"start":{"line":344,"column":8},"end":{"line":344,"column":16620}},"127":{"start":{"line":345,"column":12},"end":{"line":345,"column":16660}},"128":{"start":{"line":346,"column":16},"end":{"line":346,"column":71}},"129":{"start":{"line":349,"column":16},"end":{"line":349,"column":83}},"130":{"start":{"line":350,"column":16},"end":{"line":350,"column":38}},"131":{"start":{"line":353,"column":16},"end":{"line":353,"column":58}},"132":{"start":{"line":354,"column":16},"end":{"line":354,"column":56}},"133":{"start":{"line":356,"column":15},"end":{"line":356,"column":17116}},"134":{"start":{"line":357,"column":12},"end":{"line":357,"column":65}},"135":{"start":{"line":358,"column":12},"end":{"line":358,"column":67}},"136":{"start":{"line":359,"column":12},"end":{"line":359,"column":58}},"137":{"start":{"line":365,"column":8},"end":{"line":365,"column":44}},"138":{"start":{"line":370,"column":8},"end":{"line":370,"column":64}},"139":{"start":{"line":371,"column":8},"end":{"line":371,"column":31}},"140":{"start":{"line":375,"column":8},"end":{"line":375,"column":64}},"141":{"start":{"line":376,"column":8},"end":{"line":376,"column":31}},"142":{"start":{"line":381,"column":8},"end":{"line":381,"column":24}},"143":{"start":{"line":382,"column":8},"end":{"line":382,"column":76}},"144":{"start":{"line":384,"column":8},"end":{"line":384,"column":49}},"145":{"start":{"line":385,"column":8},"end":{"line":385,"column":18373}},"146":{"start":{"line":386,"column":12},"end":{"line":386,"column":41}},"147":{"start":{"line":390,"column":8},"end":{"line":390,"column":27}},"148":{"start":{"line":394,"column":8},"end":{"line":394,"column":30}},"149":{"start":{"line":399,"column":8},"end":{"line":399,"column":18854}},"150":{"start":{"line":400,"column":12},"end":{"line":400,"column":71}},"151":{"start":{"line":403,"column":12},"end":{"line":403,"column":20}},"152":{"start":{"line":408,"column":8},"end":{"line":408,"column":19227}},"153":{"start":{"line":409,"column":12},"end":{"line":409,"column":68}},"154":{"start":{"line":412,"column":12},"end":{"line":412,"column":20}}},"branchMap":{"1":{"line":124,"type":"if","locations":[{"start":{"line":124,"column":8},"end":{"line":124,"column":8}},{"start":{"line":124,"column":8},"end":{"line":124,"column":8}}]},"2":{"line":127,"type":"if","locations":[{"start":{"line":127,"column":8},"end":{"line":127,"column":8}},{"start":{"line":127,"column":8},"end":{"line":127,"column":8}}]},"3":{"line":146,"type":"if","locations":[{"start":{"line":146,"column":8},"end":{"line":146,"column":8}},{"start":{"line":146,"column":8},"end":{"line":146,"column":8}}]},"4":{"line":149,"type":"if","locations":[{"start":{"line":149,"column":8},"end":{"line":149,"column":8}},{"start":{"line":149,"column":8},"end":{"line":149,"column":8}}]},"5":{"line":171,"type":"if","locations":[{"start":{"line":171,"column":8},"end":{"line":171,"column":8}},{"start":{"line":171,"column":8},"end":{"line":171,"column":8}}]},"6":{"line":201,"type":"if","locations":[{"start":{"line":201,"column":8},"end":{"line":201,"column":8}},{"start":{"line":201,"column":8},"end":{"line":201,"column":8}}]},"7":{"line":207,"type":"if","locations":[{"start":{"line":207,"column":8},"end":{"line":207,"column":8}},{"start":{"line":207,"column":8},"end":{"line":207,"column":8}}]},"8":{"line":214,"type":"if","locations":[{"start":{"line":214,"column":8},"end":{"line":214,"column":8}},{"start":{"line":214,"column":8},"end":{"line":214,"column":8}}]},"9":{"line":218,"type":"if","locations":[{"start":{"line":218,"column":8},"end":{"line":218,"column":8}},{"start":{"line":218,"column":8},"end":{"line":218,"column":8}}]},"10":{"line":229,"type":"if","locations":[{"start":{"line":229,"column":8},"end":{"line":229,"column":8}},{"start":{"line":229,"column":8},"end":{"line":229,"column":8}}]},"11":{"line":232,"type":"if","locations":[{"start":{"line":232,"column":12},"end":{"line":232,"column":12}},{"start":{"line":232,"column":12},"end":{"line":232,"column":12}}]},"12":{"line":250,"type":"if","locations":[{"start":{"line":250,"column":12},"end":{"line":250,"column":12}},{"start":{"line":250,"column":12},"end":{"line":250,"column":12}}]},"13":{"line":259,"type":"if","locations":[{"start":{"line":259,"column":16},"end":{"line":259,"column":16}},{"start":{"line":259,"column":16},"end":{"line":259,"column":16}}]},"14":{"line":272,"type":"if","locations":[{"start":{"line":272,"column":16},"end":{"line":272,"column":16}},{"start":{"line":272,"column":16},"end":{"line":272,"column":16}}]},"15":{"line":289,"type":"if","locations":[{"start":{"line":289,"column":8},"end":{"line":289,"column":8}},{"start":{"line":289,"column":8},"end":{"line":289,"column":8}}]},"16":{"line":291,"type":"if","locations":[{"start":{"line":291,"column":8},"end":{"line":291,"column":8}},{"start":{"line":291,"column":8},"end":{"line":291,"column":8}}]},"17":{"line":292,"type":"if","locations":[{"start":{"line":292,"column":12},"end":{"line":292,"column":12}},{"start":{"line":292,"column":12},"end":{"line":292,"column":12}}]},"18":{"line":296,"type":"if","locations":[{"start":{"line":296,"column":8},"end":{"line":296,"column":8}},{"start":{"line":296,"column":8},"end":{"line":296,"column":8}}]},"19":{"line":299,"type":"if","locations":[{"start":{"line":299,"column":12},"end":{"line":299,"column":12}},{"start":{"line":299,"column":12},"end":{"line":299,"column":12}}]},"20":{"line":315,"type":"if","locations":[{"start":{"line":315,"column":8},"end":{"line":315,"column":8}},{"start":{"line":315,"column":8},"end":{"line":315,"column":8}}]},"21":{"line":318,"type":"if","locations":[{"start":{"line":318,"column":8},"end":{"line":318,"column":8}},{"start":{"line":318,"column":8},"end":{"line":318,"column":8}}]},"22":{"line":344,"type":"if","locations":[{"start":{"line":344,"column":8},"end":{"line":344,"column":8}},{"start":{"line":344,"column":8},"end":{"line":344,"column":8}}]},"23":{"line":345,"type":"if","locations":[{"start":{"line":345,"column":12},"end":{"line":345,"column":12}},{"start":{"line":345,"column":12},"end":{"line":345,"column":12}}]},"24":{"line":356,"type":"if","locations":[{"start":{"line":356,"column":15},"end":{"line":356,"column":15}},{"start":{"line":356,"column":15},"end":{"line":356,"column":15}}]},"25":{"line":370,"type":"if","locations":[{"start":{"line":370,"column":8},"end":{"line":370,"column":8}},{"start":{"line":370,"column":8},"end":{"line":370,"column":8}}]},"26":{"line":375,"type":"if","locations":[{"start":{"line":375,"column":8},"end":{"line":375,"column":8}},{"start":{"line":375,"column":8},"end":{"line":375,"column":8}}]},"27":{"line":385,"type":"if","locations":[{"start":{"line":385,"column":8},"end":{"line":385,"column":8}},{"start":{"line":385,"column":8},"end":{"line":385,"column":8}}]},"28":{"line":399,"type":"if","locations":[{"start":{"line":399,"column":8},"end":{"line":399,"column":8}},{"start":{"line":399,"column":8},"end":{"line":399,"column":8}}]},"29":{"line":408,"type":"if","locations":[{"start":{"line":408,"column":8},"end":{"line":408,"column":8}},{"start":{"line":408,"column":8},"end":{"line":408,"column":8}}]}}},"contracts/SyrupBar.sol":{"l":{"17":3,"18":3,"23":0,"24":0,"25":0,"27":0},"path":"/home/sakuboyz/BBT_Internship/Lucky-farm/contracts/SyrupBar.sol","s":{"1":3,"2":3,"3":0,"4":0,"5":0,"6":0},"b":{"1":[0,0]},"f":{"1":3,"2":0},"fnMap":{"1":{"name":"constructor","line":13,"loc":{"start":{"line":13,"column":4},"end":{"line":19,"column":4}}},"2":{"name":"safeLuckyTransfer","line":22,"loc":{"start":{"line":22,"column":4},"end":{"line":29,"column":4}}}},"statementMap":{"1":{"start":{"line":17,"column":8},"end":{"line":17,"column":21}},"2":{"start":{"line":18,"column":8},"end":{"line":18,"column":32}},"3":{"start":{"line":23,"column":8},"end":{"line":23,"column":57}},"4":{"start":{"line":24,"column":8},"end":{"line":24,"column":707}},"5":{"start":{"line":25,"column":12},"end":{"line":25,"column":40}},"6":{"start":{"line":27,"column":12},"end":{"line":27,"column":39}}},"branchMap":{"1":{"line":24,"type":"if","locations":[{"start":{"line":24,"column":8},"end":{"line":24,"column":8}},{"start":{"line":24,"column":8},"end":{"line":24,"column":8}}]}}},"contracts/Timelock.sol":{"l":{"40":9,"41":9,"43":9,"44":9,"45":9,"52":0,"53":0,"54":0,"55":0,"57":0,"61":0,"62":0,"63":0,"65":0,"70":0,"71":0,"73":0,"74":0,"76":0,"78":0,"82":9,"83":6,"85":6,"86":6,"88":6,"89":6,"93":0,"95":0,"96":0,"98":0,"102":9,"104":9,"105":9,"106":9,"107":6,"109":6,"111":6,"113":6,"114":0,"116":6,"120":6,"121":6,"123":6,"125":6,"130":21},"path":"/home/sakuboyz/BBT_Internship/Lucky-farm/contracts/Timelock.sol","s":{"1":9,"2":9,"3":9,"4":9,"5":9,"6":0,"7":0,"8":0,"9":0,"10":0,"11":0,"12":0,"13":0,"14":0,"15":0,"16":0,"17":0,"18":0,"19":0,"20":0,"21":9,"22":6,"23":6,"24":6,"25":6,"26":6,"27":0,"28":0,"29":0,"30":0,"31":9,"32":9,"33":9,"34":9,"35":6,"36":6,"37":6,"38":6,"39":0,"40":6,"41":6,"42":6,"43":6,"44":6,"45":21},"b":{"1":[9,0],"2":[9,0],"3":[0,0],"4":[0,0],"5":[0,0],"6":[0,0],"7":[0,0],"8":[0,0],"9":[0,0],"10":[6,3],"11":[6,0],"12":[0,0],"13":[9,0],"14":[9,0],"15":[6,3],"16":[6,0],"17":[0,6],"18":[6,0]},"f":{"1":9,"2":0,"3":0,"4":0,"5":9,"6":0,"7":9,"8":21},"fnMap":{"1":{"name":"constructor","line":39,"loc":{"start":{"line":39,"column":4},"end":{"line":46,"column":4}}},"2":{"name":"setDelay","line":51,"loc":{"start":{"line":51,"column":4},"end":{"line":58,"column":4}}},"3":{"name":"acceptAdmin","line":60,"loc":{"start":{"line":60,"column":4},"end":{"line":66,"column":4}}},"4":{"name":"setPendingAdmin","line":68,"loc":{"start":{"line":68,"column":4},"end":{"line":79,"column":4}}},"5":{"name":"queueTransaction","line":81,"loc":{"start":{"line":81,"column":4},"end":{"line":90,"column":4}}},"6":{"name":"cancelTransaction","line":92,"loc":{"start":{"line":92,"column":4},"end":{"line":99,"column":4}}},"7":{"name":"executeTransaction","line":101,"loc":{"start":{"line":101,"column":4},"end":{"line":126,"column":4}}},"8":{"name":"getBlockTimestamp","line":128,"loc":{"start":{"line":128,"column":4},"end":{"line":131,"column":4}}}},"statementMap":{"1":{"start":{"line":40,"column":8},"end":{"line":40,"column":98}},"2":{"start":{"line":41,"column":8},"end":{"line":41,"column":102}},"3":{"start":{"line":43,"column":8},"end":{"line":43,"column":21}},"4":{"start":{"line":44,"column":8},"end":{"line":44,"column":21}},"5":{"start":{"line":45,"column":8},"end":{"line":45,"column":32}},"6":{"start":{"line":52,"column":8},"end":{"line":52,"column":96}},"7":{"start":{"line":53,"column":8},"end":{"line":53,"column":95}},"8":{"start":{"line":54,"column":8},"end":{"line":54,"column":99}},"9":{"start":{"line":55,"column":8},"end":{"line":55,"column":21}},"10":{"start":{"line":57,"column":8},"end":{"line":57,"column":28}},"11":{"start":{"line":61,"column":8},"end":{"line":61,"column":102}},"12":{"start":{"line":62,"column":8},"end":{"line":62,"column":25}},"13":{"start":{"line":63,"column":8},"end":{"line":63,"column":32}},"14":{"start":{"line":65,"column":8},"end":{"line":65,"column":28}},"15":{"start":{"line":70,"column":8},"end":{"line":70,"column":3921}},"16":{"start":{"line":71,"column":12},"end":{"line":71,"column":107}},"17":{"start":{"line":73,"column":12},"end":{"line":73,"column":102}},"18":{"start":{"line":74,"column":12},"end":{"line":74,"column":35}},"19":{"start":{"line":76,"column":8},"end":{"line":76,"column":35}},"20":{"start":{"line":78,"column":8},"end":{"line":78,"column":42}},"21":{"start":{"line":82,"column":8},"end":{"line":82,"column":93}},"22":{"start":{"line":83,"column":8},"end":{"line":83,"column":130}},"23":{"start":{"line":85,"column":8},"end":{"line":85,"column":83}},"24":{"start":{"line":86,"column":8},"end":{"line":86,"column":40}},"25":{"start":{"line":88,"column":8},"end":{"line":88,"column":74}},"26":{"start":{"line":89,"column":8},"end":{"line":89,"column":21}},"27":{"start":{"line":93,"column":8},"end":{"line":93,"column":94}},"28":{"start":{"line":95,"column":8},"end":{"line":95,"column":83}},"29":{"start":{"line":96,"column":8},"end":{"line":96,"column":41}},"30":{"start":{"line":98,"column":8},"end":{"line":98,"column":75}},"31":{"start":{"line":102,"column":8},"end":{"line":102,"column":95}},"32":{"start":{"line":104,"column":8},"end":{"line":104,"column":83}},"33":{"start":{"line":105,"column":8},"end":{"line":105,"column":107}},"34":{"start":{"line":106,"column":8},"end":{"line":106,"column":115}},"35":{"start":{"line":107,"column":8},"end":{"line":107,"column":115}},"36":{"start":{"line":109,"column":8},"end":{"line":109,"column":41}},"37":{"start":{"line":111,"column":8},"end":{"line":111,"column":29}},"38":{"start":{"line":113,"column":8},"end":{"line":113,"column":6124}},"39":{"start":{"line":114,"column":12},"end":{"line":114,"column":26}},"40":{"start":{"line":116,"column":12},"end":{"line":116,"column":81}},"41":{"start":{"line":120,"column":8},"end":{"line":120,"column":89}},"42":{"start":{"line":121,"column":8},"end":{"line":121,"column":88}},"43":{"start":{"line":123,"column":8},"end":{"line":123,"column":76}},"44":{"start":{"line":125,"column":8},"end":{"line":125,"column":25}},"45":{"start":{"line":130,"column":8},"end":{"line":130,"column":30}}},"branchMap":{"1":{"line":40,"type":"if","locations":[{"start":{"line":40,"column":8},"end":{"line":40,"column":8}},{"start":{"line":40,"column":8},"end":{"line":40,"column":8}}]},"2":{"line":41,"type":"if","locations":[{"start":{"line":41,"column":8},"end":{"line":41,"column":8}},{"start":{"line":41,"column":8},"end":{"line":41,"column":8}}]},"3":{"line":52,"type":"if","locations":[{"start":{"line":52,"column":8},"end":{"line":52,"column":8}},{"start":{"line":52,"column":8},"end":{"line":52,"column":8}}]},"4":{"line":53,"type":"if","locations":[{"start":{"line":53,"column":8},"end":{"line":53,"column":8}},{"start":{"line":53,"column":8},"end":{"line":53,"column":8}}]},"5":{"line":54,"type":"if","locations":[{"start":{"line":54,"column":8},"end":{"line":54,"column":8}},{"start":{"line":54,"column":8},"end":{"line":54,"column":8}}]},"6":{"line":61,"type":"if","locations":[{"start":{"line":61,"column":8},"end":{"line":61,"column":8}},{"start":{"line":61,"column":8},"end":{"line":61,"column":8}}]},"7":{"line":70,"type":"if","locations":[{"start":{"line":70,"column":8},"end":{"line":70,"column":8}},{"start":{"line":70,"column":8},"end":{"line":70,"column":8}}]},"8":{"line":71,"type":"if","locations":[{"start":{"line":71,"column":12},"end":{"line":71,"column":12}},{"start":{"line":71,"column":12},"end":{"line":71,"column":12}}]},"9":{"line":73,"type":"if","locations":[{"start":{"line":73,"column":12},"end":{"line":73,"column":12}},{"start":{"line":73,"column":12},"end":{"line":73,"column":12}}]},"10":{"line":82,"type":"if","locations":[{"start":{"line":82,"column":8},"end":{"line":82,"column":8}},{"start":{"line":82,"column":8},"end":{"line":82,"column":8}}]},"11":{"line":83,"type":"if","locations":[{"start":{"line":83,"column":8},"end":{"line":83,"column":8}},{"start":{"line":83,"column":8},"end":{"line":83,"column":8}}]},"12":{"line":93,"type":"if","locations":[{"start":{"line":93,"column":8},"end":{"line":93,"column":8}},{"start":{"line":93,"column":8},"end":{"line":93,"column":8}}]},"13":{"line":102,"type":"if","locations":[{"start":{"line":102,"column":8},"end":{"line":102,"column":8}},{"start":{"line":102,"column":8},"end":{"line":102,"column":8}}]},"14":{"line":105,"type":"if","locations":[{"start":{"line":105,"column":8},"end":{"line":105,"column":8}},{"start":{"line":105,"column":8},"end":{"line":105,"column":8}}]},"15":{"line":106,"type":"if","locations":[{"start":{"line":106,"column":8},"end":{"line":106,"column":8}},{"start":{"line":106,"column":8},"end":{"line":106,"column":8}}]},"16":{"line":107,"type":"if","locations":[{"start":{"line":107,"column":8},"end":{"line":107,"column":8}},{"start":{"line":107,"column":8},"end":{"line":107,"column":8}}]},"17":{"line":113,"type":"if","locations":[{"start":{"line":113,"column":8},"end":{"line":113,"column":8}},{"start":{"line":113,"column":8},"end":{"line":113,"column":8}}]},"18":{"line":121,"type":"if","locations":[{"start":{"line":121,"column":8},"end":{"line":121,"column":8}},{"start":{"line":121,"column":8},"end":{"line":121,"column":8}}]}}}}