{"contracts/libs/MockERC20.sol":{"l":{"15":0,"19":0,"23":0,"31":0,"39":0},"path":"/home/sakuboyz/BBT_Internship/Lucky-farm/contracts/libs/MockERC20.sol","s":{"1":0,"2":0,"3":0,"4":0,"5":0},"b":{},"f":{"1":0,"2":0,"3":0,"4":0,"5":0},"fnMap":{"1":{"name":"constructor","line":14,"loc":{"start":{"line":9,"column":4},"end":{"line":16,"column":4}}},"2":{"name":"mint","line":18,"loc":{"start":{"line":18,"column":4},"end":{"line":20,"column":4}}},"3":{"name":"burn","line":22,"loc":{"start":{"line":22,"column":4},"end":{"line":24,"column":4}}},"4":{"name":"transferInternal","line":26,"loc":{"start":{"line":26,"column":4},"end":{"line":32,"column":4}}},"5":{"name":"approveInternal","line":34,"loc":{"start":{"line":34,"column":4},"end":{"line":40,"column":4}}}},"statementMap":{"1":{"start":{"line":15,"column":8},"end":{"line":15,"column":44}},"2":{"start":{"line":19,"column":8},"end":{"line":19,"column":29}},"3":{"start":{"line":23,"column":8},"end":{"line":23,"column":29}},"4":{"start":{"line":31,"column":8},"end":{"line":31,"column":33}},"5":{"start":{"line":39,"column":8},"end":{"line":39,"column":38}}},"branchMap":{}},"contracts/LuckyToken.sol":{"l":{"24":0,"25":0,"26":0,"29":0,"31":0,"33":0,"35":0,"42":0,"46":0,"54":0,"55":0},"path":"/home/sakuboyz/BBT_Internship/Lucky-farm/contracts/LuckyToken.sol","s":{"1":0,"2":0,"3":0,"4":0,"5":0,"6":0,"7":0,"8":0,"9":0,"10":0,"11":0},"b":{"1":[0,0]},"f":{"1":0,"2":0,"3":0,"4":0},"fnMap":{"1":{"name":"constructor","line":22,"loc":{"start":{"line":22,"column":4},"end":{"line":36,"column":4}}},"2":{"name":"cap","line":41,"loc":{"start":{"line":41,"column":4},"end":{"line":43,"column":4}}},"3":{"name":"mint","line":45,"loc":{"start":{"line":45,"column":4},"end":{"line":47,"column":4}}},"4":{"name":"_mint","line":53,"loc":{"start":{"line":53,"column":4},"end":{"line":56,"column":4}}}},"statementMap":{"1":{"start":{"line":24,"column":8},"end":{"line":24,"column":21}},"2":{"start":{"line":25,"column":8},"end":{"line":25,"column":27}},"3":{"start":{"line":26,"column":8},"end":{"line":26,"column":29}},"4":{"start":{"line":29,"column":8},"end":{"line":29,"column":32}},"5":{"start":{"line":31,"column":8},"end":{"line":31,"column":33}},"6":{"start":{"line":33,"column":8},"end":{"line":33,"column":34}},"7":{"start":{"line":35,"column":8},"end":{"line":35,"column":32}},"8":{"start":{"line":42,"column":8},"end":{"line":42,"column":18}},"9":{"start":{"line":46,"column":8},"end":{"line":46,"column":26}},"10":{"start":{"line":54,"column":8},"end":{"line":54,"column":83}},"11":{"start":{"line":55,"column":8},"end":{"line":55,"column":32}}},"branchMap":{"1":{"line":54,"type":"if","locations":[{"start":{"line":54,"column":8},"end":{"line":54,"column":8}},{"start":{"line":54,"column":8},"end":{"line":54,"column":8}}]}}},"contracts/Masterchef.sol":{"l":{"107":0,"108":0,"109":0,"110":0,"111":0,"112":0,"113":0,"116":0,"119":0,"125":0,"132":0,"133":0,"134":0,"135":0,"136":0,"138":0,"139":0,"140":0,"149":0,"154":0,"155":0,"156":0,"157":0,"158":0,"160":0,"161":0,"162":0,"163":0,"164":0,"165":0,"170":0,"171":0,"173":0,"174":0,"175":0,"180":0,"185":0,"186":0,"187":0,"188":0,"189":0,"190":0,"191":0,"192":0,"194":0,"195":0,"201":0,"202":0,"207":0,"208":0,"209":0,"214":0,"219":0,"220":0,"221":0,"222":0,"223":0,"224":0,"225":0,"226":0,"231":0,"232":0,"233":0,"235":0,"236":0,"237":0,"238":0,"240":0,"241":0,"244":0,"246":0,"247":0,"249":0,"250":0,"251":0,"252":0,"254":0,"258":0,"260":0,"267":0,"268":0,"269":0,"271":0,"274":0,"276":0,"277":0,"280":0,"286":0,"287":0,"289":0,"290":0,"293":0,"298":0,"299":0,"304":0,"305":0,"306":0,"307":0,"308":0,"310":0,"311":0,"312":0,"313":0,"315":0,"316":0,"317":0,"318":0,"320":0,"323":0,"324":0,"329":0,"330":0,"331":0,"332":0,"333":0,"334":0,"335":0,"336":0,"338":0,"339":0,"344":0,"345":0,"346":0,"347":0,"348":0,"349":0,"350":0,"351":0,"356":0,"357":0,"359":0,"360":0,"361":0,"362":0,"365":0,"366":0,"369":0,"370":0,"373":0,"374":0,"375":0,"381":0,"386":0,"387":0,"391":0,"392":0,"397":0,"398":0,"400":0,"401":0,"402":0,"406":0,"410":0,"415":0,"416":0,"419":0,"424":0,"425":0,"428":0},"path":"/home/sakuboyz/BBT_Internship/Lucky-farm/contracts/Masterchef.sol","s":{"1":0,"2":0,"3":0,"4":0,"5":0,"6":0,"7":0,"8":0,"9":0,"10":0,"11":0,"12":0,"13":0,"14":0,"15":0,"16":0,"17":0,"18":0,"19":0,"20":0,"21":0,"22":0,"23":0,"24":0,"25":0,"26":0,"27":0,"28":0,"29":0,"30":0,"31":0,"32":0,"33":0,"34":0,"35":0,"36":0,"37":0,"38":0,"39":0,"40":0,"41":0,"42":0,"43":0,"44":0,"45":0,"46":0,"47":0,"48":0,"49":0,"50":0,"51":0,"52":0,"53":0,"54":0,"55":0,"56":0,"57":0,"58":0,"59":0,"60":0,"61":0,"62":0,"63":0,"64":0,"65":0,"66":0,"67":0,"68":0,"69":0,"70":0,"71":0,"72":0,"73":0,"74":0,"75":0,"76":0,"77":0,"78":0,"79":0,"80":0,"81":0,"82":0,"83":0,"84":0,"85":0,"86":0,"87":0,"88":0,"89":0,"90":0,"91":0,"92":0,"93":0,"94":0,"95":0,"96":0,"97":0,"98":0,"99":0,"100":0,"101":0,"102":0,"103":0,"104":0,"105":0,"106":0,"107":0,"108":0,"109":0,"110":0,"111":0,"112":0,"113":0,"114":0,"115":0,"116":0,"117":0,"118":0,"119":0,"120":0,"121":0,"122":0,"123":0,"124":0,"125":0,"126":0,"127":0,"128":0,"129":0,"130":0,"131":0,"132":0,"133":0,"134":0,"135":0,"136":0,"137":0,"138":0,"139":0,"140":0,"141":0,"142":0,"143":0,"144":0,"145":0,"146":0,"147":0,"148":0,"149":0,"150":0,"151":0,"152":0,"153":0,"154":0,"155":0,"156":0,"157":0,"158":0,"159":0,"160":0},"b":{"1":[0,0],"2":[0,0],"3":[0,0],"4":[0,0],"5":[0,0],"6":[0,0],"7":[0,0],"8":[0,0],"9":[0,0],"10":[0,0],"11":[0,0],"12":[0,0],"13":[0,0],"14":[0,0],"15":[0,0],"16":[0,0],"17":[0,0],"18":[0,0],"19":[0,0],"20":[0,0],"21":[0,0],"22":[0,0],"23":[0,0],"24":[0,0],"25":[0,0],"26":[0,0],"27":[0,0],"28":[0,0],"29":[0,0],"30":[0,0]},"f":{"1":0,"2":0,"3":0,"4":0,"5":0,"6":0,"7":0,"8":0,"9":0,"10":0,"11":0,"12":0,"13":0,"14":0,"15":0,"16":0,"17":0,"18":0,"19":0,"20":0,"21":0,"22":0,"23":0,"24":0},"fnMap":{"1":{"name":"constructor","line":98,"loc":{"start":{"line":98,"column":4},"end":{"line":122,"column":4}}},"2":{"name":"poolLength","line":124,"loc":{"start":{"line":124,"column":4},"end":{"line":126,"column":4}}},"3":{"name":"add","line":131,"loc":{"start":{"line":131,"column":4},"end":{"line":150,"column":4}}},"4":{"name":"set","line":153,"loc":{"start":{"line":153,"column":4},"end":{"line":166,"column":4}}},"5":{"name":"setDevMintingRatio","line":169,"loc":{"start":{"line":169,"column":4},"end":{"line":176,"column":4}}},"6":{"name":"getMultiplier","line":179,"loc":{"start":{"line":179,"column":4},"end":{"line":181,"column":4}}},"7":{"name":"pendingLucky","line":184,"loc":{"start":{"line":184,"column":4},"end":{"line":196,"column":4}}},"8":{"name":"canHarvest","line":199,"loc":{"start":{"line":199,"column":4},"end":{"line":203,"column":4}}},"9":{"name":"massUpdatePools","line":206,"loc":{"start":{"line":206,"column":4},"end":{"line":211,"column":4}}},"10":{"name":"setMigrator","line":213,"loc":{"start":{"line":213,"column":4},"end":{"line":215,"column":4}}},"11":{"name":"migrate","line":218,"loc":{"start":{"line":218,"column":4},"end":{"line":227,"column":4}}},"12":{"name":"updatePool","line":230,"loc":{"start":{"line":230,"column":4},"end":{"line":300,"column":4}}},"13":{"name":"deposit","line":303,"loc":{"start":{"line":303,"column":4},"end":{"line":325,"column":4}}},"14":{"name":"withdraw","line":328,"loc":{"start":{"line":328,"column":4},"end":{"line":340,"column":4}}},"15":{"name":"emergencyWithdraw","line":343,"loc":{"start":{"line":343,"column":4},"end":{"line":352,"column":4}}},"16":{"name":"payOrLockupPendingLucky","line":355,"loc":{"start":{"line":355,"column":4},"end":{"line":377,"column":4}}},"17":{"name":"safeLuckyTransfer","line":380,"loc":{"start":{"line":380,"column":4},"end":{"line":382,"column":4}}},"18":{"name":"setDevAddress","line":385,"loc":{"start":{"line":385,"column":4},"end":{"line":388,"column":4}}},"19":{"name":"setFeeAddress","line":390,"loc":{"start":{"line":390,"column":4},"end":{"line":393,"column":4}}},"20":{"name":"updateLuckyPerBlock","line":396,"loc":{"start":{"line":396,"column":4},"end":{"line":404,"column":4}}},"21":{"name":"getBlockNumber","line":405,"loc":{"start":{"line":405,"column":4},"end":{"line":407,"column":4}}},"22":{"name":"getBlockTimestamp","line":409,"loc":{"start":{"line":409,"column":4},"end":{"line":411,"column":4}}},"23":{"name":"harvestCountdown","line":414,"loc":{"start":{"line":414,"column":4},"end":{"line":421,"column":4}}},"24":{"name":"farmStartCountdown","line":423,"loc":{"start":{"line":423,"column":4},"end":{"line":430,"column":4}}}},"statementMap":{"1":{"start":{"line":107,"column":8},"end":{"line":107,"column":21}},"2":{"start":{"line":108,"column":8},"end":{"line":108,"column":21}},"3":{"start":{"line":109,"column":8},"end":{"line":109,"column":31}},"4":{"start":{"line":110,"column":8},"end":{"line":110,"column":37}},"5":{"start":{"line":111,"column":8},"end":{"line":111,"column":31}},"6":{"start":{"line":112,"column":8},"end":{"line":112,"column":31}},"7":{"start":{"line":113,"column":8},"end":{"line":113,"column":32}},"8":{"start":{"line":116,"column":8},"end":{"line":116,"column":30}},"9":{"start":{"line":119,"column":8},"end":{"line":119,"column":40}},"10":{"start":{"line":125,"column":8},"end":{"line":125,"column":30}},"11":{"start":{"line":132,"column":8},"end":{"line":132,"column":79}},"12":{"start":{"line":133,"column":8},"end":{"line":133,"column":91}},"13":{"start":{"line":134,"column":8},"end":{"line":134,"column":95}},"14":{"start":{"line":135,"column":8},"end":{"line":135,"column":6340}},"15":{"start":{"line":136,"column":12},"end":{"line":136,"column":28}},"16":{"start":{"line":138,"column":8},"end":{"line":138,"column":87}},"17":{"start":{"line":139,"column":8},"end":{"line":139,"column":57}},"18":{"start":{"line":140,"column":8},"end":{"line":140,"column":6559}},"19":{"start":{"line":149,"column":8},"end":{"line":149,"column":108}},"20":{"start":{"line":154,"column":8},"end":{"line":154,"column":79}},"21":{"start":{"line":155,"column":8},"end":{"line":155,"column":91}},"22":{"start":{"line":156,"column":8},"end":{"line":156,"column":95}},"23":{"start":{"line":157,"column":8},"end":{"line":157,"column":7616}},"24":{"start":{"line":158,"column":12},"end":{"line":158,"column":28}},"25":{"start":{"line":160,"column":8},"end":{"line":160,"column":88}},"26":{"start":{"line":161,"column":8},"end":{"line":161,"column":46}},"27":{"start":{"line":162,"column":8},"end":{"line":162,"column":50}},"28":{"start":{"line":163,"column":8},"end":{"line":163,"column":64}},"29":{"start":{"line":164,"column":8},"end":{"line":164,"column":63}},"30":{"start":{"line":165,"column":8},"end":{"line":165,"column":102}},"31":{"start":{"line":170,"column":8},"end":{"line":170,"column":8258}},"32":{"start":{"line":171,"column":12},"end":{"line":171,"column":28}},"33":{"start":{"line":173,"column":8},"end":{"line":173,"column":60}},"34":{"start":{"line":174,"column":8},"end":{"line":174,"column":78}},"35":{"start":{"line":175,"column":8},"end":{"line":175,"column":36}},"36":{"start":{"line":180,"column":8},"end":{"line":180,"column":51}},"37":{"start":{"line":185,"column":8},"end":{"line":185,"column":46}},"38":{"start":{"line":186,"column":8},"end":{"line":186,"column":53}},"39":{"start":{"line":187,"column":8},"end":{"line":187,"column":56}},"40":{"start":{"line":188,"column":8},"end":{"line":188,"column":64}},"41":{"start":{"line":189,"column":8},"end":{"line":189,"column":9106}},"42":{"start":{"line":190,"column":12},"end":{"line":190,"column":82}},"43":{"start":{"line":191,"column":12},"end":{"line":191,"column":105}},"44":{"start":{"line":192,"column":12},"end":{"line":192,"column":87}},"45":{"start":{"line":194,"column":8},"end":{"line":194,"column":90}},"46":{"start":{"line":195,"column":8},"end":{"line":195,"column":47}},"47":{"start":{"line":201,"column":8},"end":{"line":201,"column":46}},"48":{"start":{"line":202,"column":8},"end":{"line":202,"column":55}},"49":{"start":{"line":207,"column":8},"end":{"line":207,"column":40}},"50":{"start":{"line":208,"column":8},"end":{"line":208,"column":10061}},"51":{"start":{"line":209,"column":12},"end":{"line":209,"column":26}},"52":{"start":{"line":214,"column":8},"end":{"line":214,"column":27}},"53":{"start":{"line":219,"column":8},"end":{"line":219,"column":71}},"54":{"start":{"line":220,"column":8},"end":{"line":220,"column":46}},"55":{"start":{"line":221,"column":8},"end":{"line":221,"column":37}},"56":{"start":{"line":222,"column":8},"end":{"line":222,"column":54}},"57":{"start":{"line":223,"column":8},"end":{"line":223,"column":50}},"58":{"start":{"line":224,"column":8},"end":{"line":224,"column":53}},"59":{"start":{"line":225,"column":8},"end":{"line":225,"column":74}},"60":{"start":{"line":226,"column":8},"end":{"line":226,"column":32}},"61":{"start":{"line":231,"column":8},"end":{"line":231,"column":46}},"62":{"start":{"line":232,"column":8},"end":{"line":232,"column":11100}},"63":{"start":{"line":233,"column":12},"end":{"line":233,"column":18}},"64":{"start":{"line":235,"column":8},"end":{"line":235,"column":64}},"65":{"start":{"line":236,"column":8},"end":{"line":236,"column":11248}},"66":{"start":{"line":237,"column":12},"end":{"line":237,"column":46}},"67":{"start":{"line":238,"column":12},"end":{"line":238,"column":18}},"68":{"start":{"line":240,"column":8},"end":{"line":240,"column":78}},"69":{"start":{"line":241,"column":8},"end":{"line":241,"column":101}},"70":{"start":{"line":244,"column":8},"end":{"line":244,"column":107}},"71":{"start":{"line":246,"column":8},"end":{"line":246,"column":11869}},"72":{"start":{"line":247,"column":12},"end":{"line":247,"column":74}},"73":{"start":{"line":249,"column":12},"end":{"line":249,"column":12093}},"74":{"start":{"line":250,"column":16},"end":{"line":250,"column":96}},"75":{"start":{"line":251,"column":16},"end":{"line":251,"column":63}},"76":{"start":{"line":252,"column":16},"end":{"line":252,"column":95}},"77":{"start":{"line":254,"column":16},"end":{"line":254,"column":78}},"78":{"start":{"line":258,"column":16},"end":{"line":258,"column":54}},"79":{"start":{"line":260,"column":16},"end":{"line":260,"column":85}},"80":{"start":{"line":267,"column":12},"end":{"line":267,"column":13015}},"81":{"start":{"line":268,"column":16},"end":{"line":268,"column":96}},"82":{"start":{"line":269,"column":16},"end":{"line":269,"column":63}},"83":{"start":{"line":271,"column":16},"end":{"line":271,"column":95}},"84":{"start":{"line":274,"column":16},"end":{"line":274,"column":90}},"85":{"start":{"line":276,"column":16},"end":{"line":276,"column":13614}},"86":{"start":{"line":277,"column":20},"end":{"line":277,"column":82}},"87":{"start":{"line":280,"column":20},"end":{"line":280,"column":57}},"88":{"start":{"line":286,"column":16},"end":{"line":286,"column":55}},"89":{"start":{"line":287,"column":16},"end":{"line":287,"column":87}},"90":{"start":{"line":289,"column":16},"end":{"line":289,"column":14121}},"91":{"start":{"line":290,"column":20},"end":{"line":290,"column":82}},"92":{"start":{"line":293,"column":20},"end":{"line":293,"column":57}},"93":{"start":{"line":298,"column":8},"end":{"line":298,"column":93}},"94":{"start":{"line":299,"column":8},"end":{"line":299,"column":42}},"95":{"start":{"line":304,"column":8},"end":{"line":304,"column":46}},"96":{"start":{"line":305,"column":8},"end":{"line":305,"column":58}},"97":{"start":{"line":306,"column":8},"end":{"line":306,"column":97}},"98":{"start":{"line":307,"column":8},"end":{"line":307,"column":14914}},"99":{"start":{"line":308,"column":12},"end":{"line":308,"column":107}},"100":{"start":{"line":310,"column":8},"end":{"line":310,"column":23}},"101":{"start":{"line":311,"column":8},"end":{"line":311,"column":36}},"102":{"start":{"line":312,"column":8},"end":{"line":312,"column":15159}},"103":{"start":{"line":313,"column":12},"end":{"line":313,"column":85}},"104":{"start":{"line":315,"column":12},"end":{"line":315,"column":15295}},"105":{"start":{"line":316,"column":16},"end":{"line":316,"column":78}},"106":{"start":{"line":317,"column":16},"end":{"line":317,"column":64}},"107":{"start":{"line":318,"column":16},"end":{"line":318,"column":69}},"108":{"start":{"line":320,"column":16},"end":{"line":320,"column":53}},"109":{"start":{"line":323,"column":8},"end":{"line":323,"column":73}},"110":{"start":{"line":324,"column":8},"end":{"line":324,"column":47}},"111":{"start":{"line":329,"column":8},"end":{"line":329,"column":46}},"112":{"start":{"line":330,"column":8},"end":{"line":330,"column":58}},"113":{"start":{"line":331,"column":8},"end":{"line":331,"column":60}},"114":{"start":{"line":332,"column":8},"end":{"line":332,"column":23}},"115":{"start":{"line":333,"column":8},"end":{"line":333,"column":36}},"116":{"start":{"line":334,"column":8},"end":{"line":334,"column":16134}},"117":{"start":{"line":335,"column":12},"end":{"line":335,"column":49}},"118":{"start":{"line":336,"column":12},"end":{"line":336,"column":66}},"119":{"start":{"line":338,"column":8},"end":{"line":338,"column":73}},"120":{"start":{"line":339,"column":8},"end":{"line":339,"column":48}},"121":{"start":{"line":344,"column":8},"end":{"line":344,"column":46}},"122":{"start":{"line":345,"column":8},"end":{"line":345,"column":58}},"123":{"start":{"line":346,"column":8},"end":{"line":346,"column":36}},"124":{"start":{"line":347,"column":8},"end":{"line":347,"column":22}},"125":{"start":{"line":348,"column":8},"end":{"line":348,"column":26}},"126":{"start":{"line":349,"column":8},"end":{"line":349,"column":30}},"127":{"start":{"line":350,"column":8},"end":{"line":350,"column":61}},"128":{"start":{"line":351,"column":8},"end":{"line":351,"column":56}},"129":{"start":{"line":356,"column":8},"end":{"line":356,"column":46}},"130":{"start":{"line":357,"column":8},"end":{"line":357,"column":58}},"131":{"start":{"line":359,"column":8},"end":{"line":359,"column":95}},"132":{"start":{"line":360,"column":8},"end":{"line":360,"column":17221}},"133":{"start":{"line":361,"column":12},"end":{"line":361,"column":17261}},"134":{"start":{"line":362,"column":16},"end":{"line":362,"column":71}},"135":{"start":{"line":365,"column":16},"end":{"line":365,"column":83}},"136":{"start":{"line":366,"column":16},"end":{"line":366,"column":38}},"137":{"start":{"line":369,"column":16},"end":{"line":369,"column":58}},"138":{"start":{"line":370,"column":16},"end":{"line":370,"column":56}},"139":{"start":{"line":372,"column":15},"end":{"line":372,"column":17717}},"140":{"start":{"line":373,"column":12},"end":{"line":373,"column":65}},"141":{"start":{"line":374,"column":12},"end":{"line":374,"column":67}},"142":{"start":{"line":375,"column":12},"end":{"line":375,"column":58}},"143":{"start":{"line":381,"column":8},"end":{"line":381,"column":44}},"144":{"start":{"line":386,"column":8},"end":{"line":386,"column":64}},"145":{"start":{"line":387,"column":8},"end":{"line":387,"column":31}},"146":{"start":{"line":391,"column":8},"end":{"line":391,"column":64}},"147":{"start":{"line":392,"column":8},"end":{"line":392,"column":31}},"148":{"start":{"line":397,"column":8},"end":{"line":397,"column":24}},"149":{"start":{"line":398,"column":8},"end":{"line":398,"column":76}},"150":{"start":{"line":400,"column":8},"end":{"line":400,"column":49}},"151":{"start":{"line":401,"column":8},"end":{"line":401,"column":18974}},"152":{"start":{"line":402,"column":12},"end":{"line":402,"column":41}},"153":{"start":{"line":406,"column":8},"end":{"line":406,"column":27}},"154":{"start":{"line":410,"column":8},"end":{"line":410,"column":30}},"155":{"start":{"line":415,"column":8},"end":{"line":415,"column":19455}},"156":{"start":{"line":416,"column":12},"end":{"line":416,"column":71}},"157":{"start":{"line":419,"column":12},"end":{"line":419,"column":20}},"158":{"start":{"line":424,"column":8},"end":{"line":424,"column":19828}},"159":{"start":{"line":425,"column":12},"end":{"line":425,"column":68}},"160":{"start":{"line":428,"column":12},"end":{"line":428,"column":20}}},"branchMap":{"1":{"line":132,"type":"if","locations":[{"start":{"line":132,"column":8},"end":{"line":132,"column":8}},{"start":{"line":132,"column":8},"end":{"line":132,"column":8}}]},"2":{"line":135,"type":"if","locations":[{"start":{"line":135,"column":8},"end":{"line":135,"column":8}},{"start":{"line":135,"column":8},"end":{"line":135,"column":8}}]},"3":{"line":154,"type":"if","locations":[{"start":{"line":154,"column":8},"end":{"line":154,"column":8}},{"start":{"line":154,"column":8},"end":{"line":154,"column":8}}]},"4":{"line":157,"type":"if","locations":[{"start":{"line":157,"column":8},"end":{"line":157,"column":8}},{"start":{"line":157,"column":8},"end":{"line":157,"column":8}}]},"5":{"line":170,"type":"if","locations":[{"start":{"line":170,"column":8},"end":{"line":170,"column":8}},{"start":{"line":170,"column":8},"end":{"line":170,"column":8}}]},"6":{"line":189,"type":"if","locations":[{"start":{"line":189,"column":8},"end":{"line":189,"column":8}},{"start":{"line":189,"column":8},"end":{"line":189,"column":8}}]},"7":{"line":219,"type":"if","locations":[{"start":{"line":219,"column":8},"end":{"line":219,"column":8}},{"start":{"line":219,"column":8},"end":{"line":219,"column":8}}]},"8":{"line":225,"type":"if","locations":[{"start":{"line":225,"column":8},"end":{"line":225,"column":8}},{"start":{"line":225,"column":8},"end":{"line":225,"column":8}}]},"9":{"line":232,"type":"if","locations":[{"start":{"line":232,"column":8},"end":{"line":232,"column":8}},{"start":{"line":232,"column":8},"end":{"line":232,"column":8}}]},"10":{"line":236,"type":"if","locations":[{"start":{"line":236,"column":8},"end":{"line":236,"column":8}},{"start":{"line":236,"column":8},"end":{"line":236,"column":8}}]},"11":{"line":246,"type":"if","locations":[{"start":{"line":246,"column":8},"end":{"line":246,"column":8}},{"start":{"line":246,"column":8},"end":{"line":246,"column":8}}]},"12":{"line":249,"type":"if","locations":[{"start":{"line":249,"column":12},"end":{"line":249,"column":12}},{"start":{"line":249,"column":12},"end":{"line":249,"column":12}}]},"13":{"line":267,"type":"if","locations":[{"start":{"line":267,"column":12},"end":{"line":267,"column":12}},{"start":{"line":267,"column":12},"end":{"line":267,"column":12}}]},"14":{"line":276,"type":"if","locations":[{"start":{"line":276,"column":16},"end":{"line":276,"column":16}},{"start":{"line":276,"column":16},"end":{"line":276,"column":16}}]},"15":{"line":289,"type":"if","locations":[{"start":{"line":289,"column":16},"end":{"line":289,"column":16}},{"start":{"line":289,"column":16},"end":{"line":289,"column":16}}]},"16":{"line":306,"type":"if","locations":[{"start":{"line":306,"column":8},"end":{"line":306,"column":8}},{"start":{"line":306,"column":8},"end":{"line":306,"column":8}}]},"17":{"line":307,"type":"if","locations":[{"start":{"line":307,"column":8},"end":{"line":307,"column":8}},{"start":{"line":307,"column":8},"end":{"line":307,"column":8}}]},"18":{"line":308,"type":"if","locations":[{"start":{"line":308,"column":12},"end":{"line":308,"column":12}},{"start":{"line":308,"column":12},"end":{"line":308,"column":12}}]},"19":{"line":312,"type":"if","locations":[{"start":{"line":312,"column":8},"end":{"line":312,"column":8}},{"start":{"line":312,"column":8},"end":{"line":312,"column":8}}]},"20":{"line":315,"type":"if","locations":[{"start":{"line":315,"column":12},"end":{"line":315,"column":12}},{"start":{"line":315,"column":12},"end":{"line":315,"column":12}}]},"21":{"line":331,"type":"if","locations":[{"start":{"line":331,"column":8},"end":{"line":331,"column":8}},{"start":{"line":331,"column":8},"end":{"line":331,"column":8}}]},"22":{"line":334,"type":"if","locations":[{"start":{"line":334,"column":8},"end":{"line":334,"column":8}},{"start":{"line":334,"column":8},"end":{"line":334,"column":8}}]},"23":{"line":360,"type":"if","locations":[{"start":{"line":360,"column":8},"end":{"line":360,"column":8}},{"start":{"line":360,"column":8},"end":{"line":360,"column":8}}]},"24":{"line":361,"type":"if","locations":[{"start":{"line":361,"column":12},"end":{"line":361,"column":12}},{"start":{"line":361,"column":12},"end":{"line":361,"column":12}}]},"25":{"line":372,"type":"if","locations":[{"start":{"line":372,"column":15},"end":{"line":372,"column":15}},{"start":{"line":372,"column":15},"end":{"line":372,"column":15}}]},"26":{"line":386,"type":"if","locations":[{"start":{"line":386,"column":8},"end":{"line":386,"column":8}},{"start":{"line":386,"column":8},"end":{"line":386,"column":8}}]},"27":{"line":391,"type":"if","locations":[{"start":{"line":391,"column":8},"end":{"line":391,"column":8}},{"start":{"line":391,"column":8},"end":{"line":391,"column":8}}]},"28":{"line":401,"type":"if","locations":[{"start":{"line":401,"column":8},"end":{"line":401,"column":8}},{"start":{"line":401,"column":8},"end":{"line":401,"column":8}}]},"29":{"line":415,"type":"if","locations":[{"start":{"line":415,"column":8},"end":{"line":415,"column":8}},{"start":{"line":415,"column":8},"end":{"line":415,"column":8}}]},"30":{"line":424,"type":"if","locations":[{"start":{"line":424,"column":8},"end":{"line":424,"column":8}},{"start":{"line":424,"column":8},"end":{"line":424,"column":8}}]}}},"contracts/SyrupBar.sol":{"l":{"17":0,"18":0,"23":0,"24":0,"25":0,"27":0},"path":"/home/sakuboyz/BBT_Internship/Lucky-farm/contracts/SyrupBar.sol","s":{"1":0,"2":0,"3":0,"4":0,"5":0,"6":0},"b":{"1":[0,0]},"f":{"1":0,"2":0},"fnMap":{"1":{"name":"constructor","line":13,"loc":{"start":{"line":13,"column":4},"end":{"line":19,"column":4}}},"2":{"name":"safeLuckyTransfer","line":22,"loc":{"start":{"line":22,"column":4},"end":{"line":29,"column":4}}}},"statementMap":{"1":{"start":{"line":17,"column":8},"end":{"line":17,"column":21}},"2":{"start":{"line":18,"column":8},"end":{"line":18,"column":32}},"3":{"start":{"line":23,"column":8},"end":{"line":23,"column":57}},"4":{"start":{"line":24,"column":8},"end":{"line":24,"column":707}},"5":{"start":{"line":25,"column":12},"end":{"line":25,"column":40}},"6":{"start":{"line":27,"column":12},"end":{"line":27,"column":39}}},"branchMap":{"1":{"line":24,"type":"if","locations":[{"start":{"line":24,"column":8},"end":{"line":24,"column":8}},{"start":{"line":24,"column":8},"end":{"line":24,"column":8}}]}}}}